#
# There is insufficient memory for the Java Runtime Environment to continue.
# Native memory allocation (malloc) failed to allocate 1048576 bytes for AllocateHeap
# Possible reasons:
#   The system is out of physical RAM or swap space
#   The process is running with CompressedOops enabled, and the Java Heap may be blocking the growth of the native heap
# Possible solutions:
#   Reduce memory load on the system
#   Increase physical memory or swap space
#   Check if swap backing store is full
#   Decrease Java heap size (-Xmx/-Xms)
#   Decrease number of Java threads
#   Decrease Java thread stack sizes (-Xss)
#   Set larger code cache with -XX:ReservedCodeCacheSize=
#   JVM is running with Unscaled Compressed Oops mode in which the Java heap is
#     placed in the first 4GB address space. The Java Heap base address is the
#     maximum limit for the native heap growth. Please use -XX:HeapBaseMinAddress
#     to set the Java Heap base and to place the Java Heap above 4GB virtual address.
# This output file may be truncated or incomplete.
#
#  Out of Memory Error (memory/allocation.inline.hpp:61), pid=15620, tid=0x000000000000563c
#
# JRE version:  (8.0_242-b01) (build )
# Java VM: OpenJDK 64-Bit Server VM (25.242-b01 mixed mode windows-amd64 compressed oops)
# Failed to write core dump. Minidumps are not enabled by default on client versions of Windows
#

---------------  T H R E A D  ---------------

Current thread (0x00000000029f2800):  JavaThread "Unknown thread" [_thread_in_vm, id=22076, stack(0x00000000028c0000,0x00000000029c0000)]

Stack: [0x00000000028c0000,0x00000000029c0000]
[error occurred during error reporting (printing stack bounds), id 0xc0000005]

Native frames: (J=compiled Java code, j=interpreted, Vv=VM code, C=native code)


---------------  P R O C E S S  ---------------

Java Threads: ( => current thread )

Other Threads:

=>0x00000000029f2800 (exited) JavaThread "Unknown thread" [_thread_in_vm, id=22076, stack(0x00000000028c0000,0x00000000029c0000)]

VM state:not at safepoint (normal execution)

VM Mutex/Monitor currently owned by a thread: None

heap address: 0x0000000082400000, size: 2012 MB, Compressed Oops mode: 32-bit
Narrow klass base: 0x0000000000000000, Narrow klass shift: 3
Compressed class space size: 1073741824 Address: 0x0000000100000000

Heap:
 PSYoungGen      total 37888K, used 655K [0x00000000d6180000, 0x00000000d8b80000, 0x0000000100000000)
  eden space 32768K, 2% used [0x00000000d6180000,0x00000000d6223d80,0x00000000d8180000)
  from space 5120K, 0% used [0x00000000d8680000,0x00000000d8680000,0x00000000d8b80000)
  to   space 5120K, 0% used [0x00000000d8180000,0x00000000d8180000,0x00000000d8680000)
 ParOldGen       total 86016K, used 0K [0x0000000082400000, 0x0000000087800000, 0x00000000d6180000)
  object space 86016K, 0% used [0x0000000082400000,0x0000000082400000,0x0000000087800000)
 Metaspace       used 779K, capacity 4480K, committed 4480K, reserved 1056768K
  class space    used 74K, capacity 384K, committed 384K, reserved 1048576K

Card table byte_map: [0x0000000011f70000,0x0000000012360000] byte_map_base: 0x0000000011b5e000

Marking Bits: (ParMarkBitMap*) 0x000000006137f030
 Begin Bits: [0x0000000013000000, 0x0000000014f70000)
 End Bits:   [0x0000000014f70000, 0x0000000016ee0000)

Polling page: 0x0000000000dc0000

CodeCache: size=245760Kb used=328Kb max_used=328Kb free=245431Kb
 bounds [0x0000000002bb0000, 0x0000000002e20000, 0x0000000011bb0000]
 total_blobs=57 nmethods=0 adapters=38
 compilation: enabled

Compilation events (0 events):
No events

GC Heap History (0 events):
No events

Deoptimization events (0 events):
No events

Classes redefined (0 events):
No events

Internal exceptions (0 events):
No events

Events (10 events):
Event: 0.022 loading class java/lang/Short
Event: 0.022 loading class java/lang/Short done
Event: 0.022 loading class java/lang/Integer
Event: 0.022 loading class java/lang/Integer done
Event: 0.022 loading class java/lang/Long
Event: 0.022 loading class java/lang/Long done
Event: 0.023 loading class java/lang/NullPointerException
Event: 0.023 loading class java/lang/NullPointerException done
Event: 0.023 loading class java/lang/ArithmeticException
Event: 0.023 loading class java/lang/ArithmeticException done


Dynamic libraries:
0x00007ff659690000 - 0x00007ff6596c1000 	D:\Android\Android Studio\jre\jre\bin\java.exe
0x00007fffda8c0000 - 0x00007fffdaab0000 	C:\WINDOWS\SYSTEM32\ntdll.dll
0x00007fffc08b0000 - 0x00007fffc08c2000 	C:\Program Files\AVAST Software\Avast\aswhook.dll
0x00007fffd8970000 - 0x00007fffd8a22000 	C:\WINDOWS\System32\KERNEL32.DLL
0x00007fffd79d0000 - 0x00007fffd7c75000 	C:\WINDOWS\System32\KERNELBASE.dll
0x00007fffd9d00000 - 0x00007fffd9da3000 	C:\WINDOWS\System32\ADVAPI32.dll
0x00007fffd9c50000 - 0x00007fffd9cee000 	C:\WINDOWS\System32\msvcrt.dll
0x00007fffd9db0000 - 0x00007fffd9e47000 	C:\WINDOWS\System32\sechost.dll
0x00007fffd8a30000 - 0x00007fffd8b50000 	C:\WINDOWS\System32\RPCRT4.dll
0x00007fffd9e80000 - 0x00007fffda015000 	C:\WINDOWS\System32\USER32.dll
0x00007fffd7cd0000 - 0x00007fffd7cf1000 	C:\WINDOWS\System32\win32u.dll
0x00007fffd9e50000 - 0x00007fffd9e76000 	C:\WINDOWS\System32\GDI32.dll
0x00007fffd86f0000 - 0x00007fffd8886000 	C:\WINDOWS\System32\gdi32full.dll
0x00007fffd7d00000 - 0x00007fffd7d9e000 	C:\WINDOWS\System32\msvcp_win.dll
0x00007fffd78d0000 - 0x00007fffd79ca000 	C:\WINDOWS\System32\ucrtbase.dll
0x00007fffc8f20000 - 0x00007fffc91a4000 	C:\WINDOWS\WinSxS\amd64_microsoft.windows.common-controls_6595b64144ccf1df_6.0.18362.1082_none_9e8193e1e45b25c1\COMCTL32.dll
0x00007fffd9530000 - 0x00007fffd9865000 	C:\WINDOWS\System32\combase.dll
0x00007fffd7da0000 - 0x00007fffd7e20000 	C:\WINDOWS\System32\bcryptPrimitives.dll
0x00007fffd9c20000 - 0x00007fffd9c4e000 	C:\WINDOWS\System32\IMM32.DLL
0x00000000609f0000 - 0x0000000060ac2000 	D:\Android\Android Studio\jre\jre\bin\msvcr100.dll
0x0000000060bb0000 - 0x00000000613fb000 	D:\Android\Android Studio\jre\jre\bin\server\jvm.dll
0x00007fffda870000 - 0x00007fffda878000 	C:\WINDOWS\System32\PSAPI.DLL
0x00007fffbea70000 - 0x00007fffbea79000 	C:\WINDOWS\SYSTEM32\WSOCK32.dll
0x00007fffda380000 - 0x00007fffda3ef000 	C:\WINDOWS\System32\WS2_32.dll
0x00007fffd4cf0000 - 0x00007fffd4d14000 	C:\WINDOWS\SYSTEM32\WINMM.dll
0x00007fffd0650000 - 0x00007fffd065a000 	C:\WINDOWS\SYSTEM32\VERSION.dll
0x00007fffd4cc0000 - 0x00007fffd4ced000 	C:\WINDOWS\SYSTEM32\WINMMBASE.dll
0x00007fffd7c80000 - 0x00007fffd7cca000 	C:\WINDOWS\System32\cfgmgr32.dll
0x00007fffd2160000 - 0x00007fffd216f000 	D:\Android\Android Studio\jre\jre\bin\verify.dll
0x00007fffb91c0000 - 0x00007fffb91e9000 	D:\Android\Android Studio\jre\jre\bin\java.dll
0x00007fffcf6a0000 - 0x00007fffcf6b6000 	D:\Android\Android Studio\jre\jre\bin\zip.dll

VM Arguments:
java_command: org.jetbrains.git4idea.http.GitAskPassApp Username for 'https://github.com': 
java_class_path (initial): D:/Android/Android Studio/plugins/git4idea/lib/git4idea-rt.jar;D:/Android/Android Studio/lib/xmlrpc-2.0.1.jar;D:/Android/Android Studio/lib/commons-codec-1.13.jar;D:/Android/Android Studio/lib/util.jar
Launcher Type: SUN_STANDARD

Environment Variables:
PATH=D:/Git/mingw64/libexec/git-core;D:/Git/mingw64/libexec/git-core;D:\Git\mingw64\bin;D:\Git\usr\bin;C:\Users\venve\bin;C:\oraclexe\app\oracle\product\10.2.0\server\bin;C:\Program Files (x86)\Common Files\Oracle\Java\javapath;C:\Program Files (x86)\Common Files\Intel\Shared Libraries\redist\intel64\compiler;C:\Program Files (x86)\Intel\Intel(R) Management Engine Components\iCLS\;C:\Program Files\Intel\Intel(R) Management Engine Components\iCLS\;C:\Windows\system32;C:\Windows;C:\Windows\System32\Wbem;C:\Windows\System32\WindowsPowerShell\v1.0\;C:\Program Files (x86)\Intel\Intel(R) Management Engine Components\DAL;C:\Program Files\Intel\Intel(R) Management Engine Components\DAL;C:\Program Files (x86)\Intel\Intel(R) Management Engine Components\IPT;C:\Program Files\Intel\Intel(R) Management Engine Components\IPT;C:\Program Files (x86)\NVIDIA Corporation\PhysX\Common;C:\Program Files\Intel\WiFi\bin\;C:\Program Files\Common Files\Intel\WirelessCommon\;C:\WINDOWS\system32;C:\WINDOWS;C:\WINDOWS\System32\Wbem;C:\WINDOWS\System32\WindowsPowerShell\v1.0\;C:\WINDOWS\System32\OpenSSH\;C:\Program Files (x86)\Common Files\Propellerhead Software\ReWire\;C:\Program Files\Common Files\Propellerhead Software\ReWire\;C:\Program Files (x86)\QuickTime\QTSystem\;C:\Program Files (x86)\Microsoft SQL Server\100\Tools\Binn\;D:\Microsoft SQL Server\100\Tools\Binn\;D:\Microsoft SQL Server\100\DTS\Binn\;C:\Program Files (x86)\Microsoft SQL Server\100\Tools\Binn\VSShell\Common7\IDE\;C:\Program Files (x86)\Microsoft Visual Studio 9.0\Common7\IDE\PrivateAssemblies\;C:\Program Files (x86)\Microsoft SQL Server\100\DTS\Binn\;D:\Git\cmd;C:\Python38;C:\Python38\Scripts;D:\GrafKom;D:\xampp\php;C:\ProgramData\ComposerSetup\bin;C:\Python38; C:\Python38\Scripts; D:\GrafKom;D:\Microsoft VS Code\bin;C:\Users\venve\AppData\Roaming\Composer\vendor\bin
USERNAME=Asus
DISPLAY=:0.0
OS=Windows_NT
PROCESSOR_IDENTIFIER=Intel64 Family 6 Model 158 Stepping 10, GenuineIntel



---------------  S Y S T E M  ---------------

OS: Windows 10.0 , 64 bit Build 18362 (10.0.18362.1082)

CPU:total 12 (initial active 12) (6 cores per cpu, 2 threads per core) family 6 model 158 stepping 10, cmov, cx8, fxsr, mmx, sse, sse2, sse3, ssse3, sse4.1, sse4.2, popcnt, avx, avx2, aes, clmul, erms, 3dnowpref, lzcnt, ht, tsc, tscinvbit, bmi1, bmi2, adx

Memory: 4k page, physical 8239996k(684204k free), swap 19250044k(5736k free)

vm_info: OpenJDK 64-Bit Server VM (25.242-b01) for windows-amd64 JRE (1.8.0_242-release-1644-b01), built by "builder" with MS VC++ 10.0 (VS2010)

time: Sat Oct 10 12:44:35 2020
timezone: SE Asia Standard Time
elapsed time: 0 seconds (0d 0h 0m 0s)

